make --dry-run --always-make --keep-going --print-directory
go: downloading go.opentelemetry.io/otel v1.3.0

go: downloading github.com/xeipuuv/gojsonschema v0.0.0-20171025060643-212d8a0df7ac

go: downloading go.opentelemetry.io/otel/sdk v1.3.0
go: downloading go.opentelemetry.io/otel/metric v0.26.0

go: downloading gopkg.in/yaml.v2 v2.2.3

go: downloading go.opentelemetry.io/proto/otlp v0.11.0

go: downloading go.opentelemetry.io/otel/exporters/otlp/internal/retry v1.3.0

go: downloading go.opentelemetry.io/otel/sdk/metric v0.26.0

go: downloading go.opentelemetry.io/otel/sdk/export/metric v0.26.0

go: downloading github.com/xeipuuv/gojsonreference v0.0.0-20150808065054-e02fc20de94c

go: downloading github.com/go-logr/logr v1.2.1

go: downloading go.opentelemetry.io/otel/internal/metric v0.26.0

go: downloading go.opentelemetry.io/otel/trace v1.3.0

go: downloading github.com/go-logr/stdr v1.2.0

go: downloading github.com/xeipuuv/gojsonpointer v0.0.0-20170225233418-6fe8760cad35

make: Entering directory `/Users/chris.martin/go/src/github.com/Clever/discovery-go'
go install -mod=readonly github.com/GeertJohan/fgt@262f7b11eec07dc7b147c44641236f3212fee89d
 
go install -mod=readonly golang.org/x/lint/golint@738671d3881b9731cc63024d5d88cf28db875626
 
go get -d -t github.com/Clever/discovery-go
echo "FORMATTING github.com/Clever/discovery-go..."
PKG_PATH=$(go list -f '{{.Dir}}' github.com/Clever/discovery-go); /Users/chris.martin/go/bin/fgt gofmt -l=true ${PKG_PATH}/*.go
echo "LINTING github.com/Clever/discovery-go..."
 
PKG_PATH=$(go list -f '{{.Dir}}' github.com/Clever/discovery-go); find ${PKG_PATH}/*.go -type f | grep -v gen_ | xargs /Users/chris.martin/go/bin/fgt /Users/chris.martin/go/bin/golint
echo "VETTING github.com/Clever/discovery-go..."
go vet github.com/Clever/discovery-go
echo "TESTING github.com/Clever/discovery-go..."
go test -v -race github.com/Clever/discovery-go
make: Leaving directory `/Users/chris.martin/go/src/github.com/Clever/discovery-go'
 
